<?xml version="1.0" encoding="utf-8"?><testsuites name="pytest tests"><testsuite name="pytest" errors="0" failures="0" skipped="0" tests="15" time="115.199" timestamp="2026-05-22T14:06:39.373943+00:00" hostname="agent-env-f6408089-e549-4722-8406-7cab18b56312"><testcase classname="backend.tests.test_aether_api.TestAuth" name="test_signup_new_user" time="0.486" /><testcase classname="backend.tests.test_aether_api.TestAuth" name="test_signup_duplicate_email" time="0.081" /><testcase classname="backend.tests.test_aether_api.TestAuth" name="test_login_demo" time="0.300" /><testcase classname="backend.tests.test_aether_api.TestAuth" name="test_login_invalid" time="0.304" /><testcase classname="backend.tests.test_aether_api.TestAuth" name="test_me_with_token" time="0.382" /><testcase classname="backend.tests.test_aether_api.TestAuth" name="test_me_without_token" time="0.077" /><testcase classname="backend.tests.test_aether_api.TestDashboardMissions" name="test_dashboard_stats" time="0.085" /><testcase classname="backend.tests.test_aether_api.TestDashboardMissions" name="test_missions_today" time="0.080" /><testcase classname="backend.tests.test_aether_api.TestDashboardMissions" name="test_complete_mission_awards_xp" time="0.323" /><testcase classname="backend.tests.test_aether_api.TestMentorChat" name="test_mentor_chat_multi_turn" time="18.982" /><testcase classname="backend.tests.test_aether_api.TestSpeechAnalyze" name="test_analyze_short_transcript_rejected" time="0.084" /><testcase classname="backend.tests.test_aether_api.TestSpeechAnalyze" name="test_analyze_returns_scorecard" time="32.781" /><testcase classname="backend.tests.test_aether_api.TestDebate" name="test_debate_turn" time="14.685" /><testcase classname="backend.tests.test_aether_api.TestDebate" name="test_debate_finish" time="16.407" /><testcase classname="backend.tests.test_aether_api.TestInterview" name="test_interview_full_flow_5_answers" time="30.075" /></testsuite></testsuites>